2026-02-07 00:18:01,204 | INFO | PPO Target: 1.00 (1.0% Vốn)
2026-02-07 00:18:01,204 | INFO | PPO Target: 1.00 (1.0% Vốn)
2026-02-07 00:18:01,660 | INFO |  Maxpossibleqty: 1.3472794698683397,  Current position: 0.0, target position: 0.013472793623805046, delta: 0.013472793623805046
2026-02-07 00:18:01,660 | INFO |  Maxpossibleqty: 1.3472794698683397,  Current position: 0.0, target position: 0.013472793623805046, delta: 0.013472793623805046
2026-02-07 00:18:01,661 | INFO | PPO Rebalance: Current 0.000 -> Target 1.000 | Delta: 0.013
2026-02-07 00:18:01,661 | INFO | PPO Rebalance: Current 0.000 -> Target 1.000 | Delta: 0.013
2026-02-07 00:19:02,639 | INFO | PPO Target: 1.00 (1.0% Vốn)
2026-02-07 00:19:02,639 | INFO | PPO Target: 1.00 (1.0% Vốn)
2026-02-07 00:19:03,029 | INFO |  Maxpossibleqty: 1.3454293285578593,  Current position: 0.013, target position: 0.01345429290086031, delta: 0.0004542926326394081
2026-02-07 00:19:03,029 | INFO |  Maxpossibleqty: 1.3454293285578593,  Current position: 0.013, target position: 0.01345429290086031, delta: 0.0004542926326394081
2026-02-07 00:19:03,029 | INFO | PPO Delta too small (0.0005)(< 0.06727146642789297)
2026-02-07 00:19:03,029 | INFO | PPO Delta too small (0.0005)(< 0.06727146642789297)
2026-02-07 00:20:03,874 | INFO | PPO Target: 1.00 (1.0% Vốn)
2026-02-07 00:20:03,874 | INFO | PPO Target: 1.00 (1.0% Vốn)
2026-02-07 00:20:04,183 | INFO |  Maxpossibleqty: 1.3444077508107173,  Current position: 0.013, target position: 0.013444077223539352, delta: 0.00044407695531845093
2026-02-07 00:20:04,183 | INFO |  Maxpossibleqty: 1.3444077508107173,  Current position: 0.013, target position: 0.013444077223539352, delta: 0.00044407695531845093
2026-02-07 00:20:04,183 | INFO | PPO Delta too small (0.0004)(< 0.06722038754053587)
2026-02-07 00:20:04,183 | INFO | PPO Delta too small (0.0004)(< 0.06722038754053587)
2026-02-07 00:21:04,815 | INFO | PPO Target: 1.00 (1.0% Vốn)
2026-02-07 00:21:04,815 | INFO | PPO Target: 1.00 (1.0% Vốn)
2026-02-07 00:21:05,122 | INFO |  Maxpossibleqty: 1.34650594995701,  Current position: 0.013, target position: 0.01346505992114544, delta: 0.00046505965292453766
2026-02-07 00:21:05,122 | INFO |  Maxpossibleqty: 1.34650594995701,  Current position: 0.013, target position: 0.01346505992114544, delta: 0.00046505965292453766
2026-02-07 00:21:05,123 | INFO | PPO Delta too small (0.0005)(< 0.0673252974978505)
2026-02-07 00:21:05,123 | INFO | PPO Delta too small (0.0005)(< 0.0673252974978505)
2026-02-07 00:22:05,981 | INFO | PPO Target: 1.00 (1.0% Vốn)
2026-02-07 00:22:05,981 | INFO | PPO Target: 1.00 (1.0% Vốn)
2026-02-07 00:22:06,310 | INFO |  Maxpossibleqty: 1.3448363957652973,  Current position: 0.013, target position: 0.013448363170027733, delta: 0.00044836290180683136
2026-02-07 00:22:06,310 | INFO |  Maxpossibleqty: 1.3448363957652973,  Current position: 0.013, target position: 0.013448363170027733, delta: 0.00044836290180683136
2026-02-07 00:22:06,310 | INFO | PPO Delta too small (0.0004)(< 0.06724181978826486)
2026-02-07 00:22:06,310 | INFO | PPO Delta too small (0.0004)(< 0.06724181978826486)
2026-02-07 00:23:06,901 | INFO | PPO Target: 1.00 (1.0% Vốn)
2026-02-07 00:23:06,901 | INFO | PPO Target: 1.00 (1.0% Vốn)
2026-02-07 00:23:07,192 | INFO |  Maxpossibleqty: 1.3446649049875101,  Current position: 0.013, target position: 0.013446648605167866, delta: 0.00044664833694696426
2026-02-07 00:23:07,192 | INFO |  Maxpossibleqty: 1.3446649049875101,  Current position: 0.013, target position: 0.013446648605167866, delta: 0.00044664833694696426
2026-02-07 00:23:07,193 | INFO | PPO Delta too small (0.0004)(< 0.0672332452493755)
2026-02-07 00:23:07,193 | INFO | PPO Delta too small (0.0004)(< 0.0672332452493755)
2026-02-07 00:24:08,016 | INFO | PPO Target: 1.00 (1.0% Vốn)
2026-02-07 00:24:08,016 | INFO | PPO Target: 1.00 (1.0% Vốn)
2026-02-07 00:24:08,308 | INFO |  Maxpossibleqty: 1.3433706091285742,  Current position: 0.013, target position: 0.01343370508402586, delta: 0.00043370481580495834
2026-02-07 00:24:08,308 | INFO |  Maxpossibleqty: 1.3433706091285742,  Current position: 0.013, target position: 0.01343370508402586, delta: 0.00043370481580495834
2026-02-07 00:24:08,309 | INFO | PPO Delta too small (0.0004)(< 0.06716853045642872)
2026-02-07 00:24:08,309 | INFO | PPO Delta too small (0.0004)(< 0.06716853045642872)
2026-02-07 00:25:10,266 | INFO | PPO Target: 1.00 (1.0% Vốn)
2026-02-07 00:25:10,266 | INFO | PPO Target: 1.00 (1.0% Vốn)
2026-02-07 00:25:10,718 | INFO |  Maxpossibleqty: 1.3442154256993084,  Current position: 0.013, target position: 0.013442154042422771, delta: 0.00044215377420186996
2026-02-07 00:25:10,718 | INFO |  Maxpossibleqty: 1.3442154256993084,  Current position: 0.013, target position: 0.013442154042422771, delta: 0.00044215377420186996
2026-02-07 00:25:10,719 | INFO | PPO Delta too small (0.0004)(< 0.06721077128496543)
2026-02-07 00:25:10,719 | INFO | PPO Delta too small (0.0004)(< 0.06721077128496543)
2026-02-07 00:26:37,334 | INFO | PPO Target: 1.00 (1.0% Vốn)
2026-02-07 00:26:37,334 | INFO | PPO Target: 1.00 (1.0% Vốn)
2026-02-07 00:26:37,778 | INFO |  Maxpossibleqty: 1.3449126279301582,  Current position: 0.013, target position: 0.013449125923216343, delta: 0.00044912565499544144
2026-02-07 00:26:37,778 | INFO |  Maxpossibleqty: 1.3449126279301582,  Current position: 0.013, target position: 0.013449125923216343, delta: 0.00044912565499544144
2026-02-07 00:26:37,779 | INFO | PPO Delta too small (0.0004)(< 0.006724563139650791)
2026-02-07 00:26:37,779 | INFO | PPO Delta too small (0.0004)(< 0.006724563139650791)
2026-02-07 00:27:38,724 | INFO | PPO Target: 1.00 (1.0% Vốn)
2026-02-07 00:27:38,724 | INFO | PPO Target: 1.00 (1.0% Vốn)
2026-02-07 00:27:39,027 | INFO |  Maxpossibleqty: 1.3428079877819739,  Current position: 0.013, target position: 0.013428079895675182, delta: 0.00042807962745428085
2026-02-07 00:27:39,027 | INFO |  Maxpossibleqty: 1.3428079877819739,  Current position: 0.013, target position: 0.013428079895675182, delta: 0.00042807962745428085
2026-02-07 00:27:39,028 | INFO | PPO Delta too small (0.0004)(< 0.00671403993890987)
2026-02-07 00:27:39,028 | INFO | PPO Delta too small (0.0004)(< 0.00671403993890987)
2026-02-07 00:28:39,698 | INFO | PPO Target: 1.00 (1.0% Vốn)
2026-02-07 00:28:39,698 | INFO | PPO Target: 1.00 (1.0% Vốn)
2026-02-07 00:28:39,991 | INFO |  Maxpossibleqty: 1.3384296221912895,  Current position: 0.013, target position: 0.013384295627474785, delta: 0.00038429535925388336
2026-02-07 00:28:39,991 | INFO |  Maxpossibleqty: 1.3384296221912895,  Current position: 0.013, target position: 0.013384295627474785, delta: 0.00038429535925388336
2026-02-07 00:28:39,991 | INFO | PPO Delta too small (0.0004)(< 0.006692148110956447)
2026-02-07 00:28:39,991 | INFO | PPO Delta too small (0.0004)(< 0.006692148110956447)
2026-02-07 00:29:40,944 | INFO | PPO Target: 1.00 (1.0% Vốn)
2026-02-07 00:29:40,944 | INFO | PPO Target: 1.00 (1.0% Vốn)
2026-02-07 00:29:41,431 | INFO |  Maxpossibleqty: 1.338965910261898,  Current position: 0.013, target position: 0.01338965818285942, delta: 0.0003896579146385193
2026-02-07 00:29:41,431 | INFO |  Maxpossibleqty: 1.338965910261898,  Current position: 0.013, target position: 0.01338965818285942, delta: 0.0003896579146385193
2026-02-07 00:29:41,431 | INFO | PPO Delta too small (0.0004)(< 0.0066948295513094905)
2026-02-07 00:29:41,431 | INFO | PPO Delta too small (0.0004)(< 0.0066948295513094905)
2026-02-07 00:30:42,135 | INFO | PPO Target: 1.00 (1.0% Vốn)
2026-02-07 00:30:42,135 | INFO | PPO Target: 1.00 (1.0% Vốn)
2026-02-07 00:30:42,597 | INFO |  Maxpossibleqty: 1.3378862193005234,  Current position: 0.013, target position: 0.013378862291574478, delta: 0.00037886202335357666
2026-02-07 00:30:42,597 | INFO |  Maxpossibleqty: 1.3378862193005234,  Current position: 0.013, target position: 0.013378862291574478, delta: 0.00037886202335357666
2026-02-07 00:30:42,598 | INFO | PPO Delta too small (0.0004)(< 0.0066894310965026176)
2026-02-07 00:30:42,598 | INFO | PPO Delta too small (0.0004)(< 0.0066894310965026176)
2026-02-07 00:31:43,256 | INFO | PPO Target: 1.00 (1.0% Vốn)
2026-02-07 00:31:43,256 | INFO | PPO Target: 1.00 (1.0% Vốn)
2026-02-07 00:31:43,546 | INFO |  Maxpossibleqty: 1.335901272410274,  Current position: 0.013, target position: 0.013359012082219124, delta: 0.00035901181399822235
2026-02-07 00:31:43,546 | INFO |  Maxpossibleqty: 1.335901272410274,  Current position: 0.013, target position: 0.013359012082219124, delta: 0.00035901181399822235
2026-02-07 00:31:43,546 | INFO | PPO Delta too small (0.0004)(< 0.00667950636205137)
2026-02-07 00:31:43,546 | INFO | PPO Delta too small (0.0004)(< 0.00667950636205137)
2026-02-07 00:32:44,204 | INFO | PPO Target: 1.00 (1.0% Vốn)
2026-02-07 00:32:44,204 | INFO | PPO Target: 1.00 (1.0% Vốn)
2026-02-07 00:32:44,650 | INFO |  Maxpossibleqty: 1.3350214673072522,  Current position: 0.0, target position: 0.013350214809179306, delta: 0.013350214809179306
2026-02-07 00:32:44,650 | INFO |  Maxpossibleqty: 1.3350214673072522,  Current position: 0.0, target position: 0.013350214809179306, delta: 0.013350214809179306
2026-02-07 00:32:44,651 | INFO | PPO Rebalance: Current 0.000 -> Target 1.000 | Delta: 0.013
2026-02-07 00:32:44,651 | INFO | PPO Rebalance: Current 0.000 -> Target 1.000 | Delta: 0.013
2026-02-07 09:56:09,776 | INFO | PPO Target: 1.00 (1.0% Vốn)
2026-02-07 09:56:09,776 | INFO | PPO Target: 1.00 (1.0% Vốn)
2026-02-07 09:57:33,842 | INFO | PPO Target: 1.00 (1.0% Vốn)
2026-02-07 09:57:33,842 | INFO | PPO Target: 1.00 (1.0% Vốn)
2026-02-07 09:57:44,806 | INFO | PPO Target: 1.00 (1.0% Vốn)
2026-02-07 09:57:44,806 | INFO | PPO Target: 1.00 (1.0% Vốn)
2026-02-07 09:57:45,440 | INFO |  Maxpossibleqty: 1.3522146502780392,  Current position: 0.0, target position: 0.01352214626967907, delta: 0.01352214626967907
2026-02-07 09:57:45,440 | INFO |  Maxpossibleqty: 1.3522146502780392,  Current position: 0.0, target position: 0.01352214626967907, delta: 0.01352214626967907
2026-02-07 09:57:45,442 | INFO | PPO Rebalance: Current 0.000 -> Target 1.000 | Delta: 0.014
2026-02-07 09:57:45,442 | INFO | PPO Rebalance: Current 0.000 -> Target 1.000 | Delta: 0.014
2026-02-07 09:58:45,268 | INFO | PPO Target: 1.00 (1.0% Vốn)
2026-02-07 09:58:45,268 | INFO | PPO Target: 1.00 (1.0% Vốn)
2026-02-07 09:58:45,721 | INFO |  Maxpossibleqty: 1.3521742660866176,  Current position: 0.0, target position: 0.013521742075681686, delta: 0.013521742075681686
2026-02-07 09:58:45,721 | INFO |  Maxpossibleqty: 1.3521742660866176,  Current position: 0.0, target position: 0.013521742075681686, delta: 0.013521742075681686
2026-02-07 09:58:45,721 | INFO | PPO Rebalance: Current 0.000 -> Target 1.000 | Delta: 0.014
2026-02-07 09:58:45,721 | INFO | PPO Rebalance: Current 0.000 -> Target 1.000 | Delta: 0.014
2026-02-07 09:59:46,588 | INFO | PPO Target: 1.00 (1.0% Vốn)
2026-02-07 09:59:46,588 | INFO | PPO Target: 1.00 (1.0% Vốn)
2026-02-07 09:59:46,950 | INFO |  Maxpossibleqty: 1.3521178612262543,  Current position: 0.014, target position: 0.013521178625524044, delta: -0.0004788218066096306
2026-02-07 09:59:46,950 | INFO |  Maxpossibleqty: 1.3521178612262543,  Current position: 0.014, target position: 0.013521178625524044, delta: -0.0004788218066096306
2026-02-07 09:59:46,951 | INFO | PPO Delta too small (-0.0005)(< 0.0006760589306131271)
2026-02-07 09:59:46,951 | INFO | PPO Delta too small (-0.0005)(< 0.0006760589306131271)
2026-02-07 10:01:03,554 | INFO | PPO Target: 1.00 (1.0% Vốn)
2026-02-07 10:01:03,554 | INFO | PPO Target: 1.00 (1.0% Vốn)
2026-02-07 10:01:04,154 | INFO |  Maxpossibleqty: 1.3521178612262543,  Current position: 0.014, target position: 0.013521178625524044, delta: -0.0004788218066096306
2026-02-07 10:01:04,154 | INFO |  Maxpossibleqty: 1.3521178612262543,  Current position: 0.014, target position: 0.013521178625524044, delta: -0.0004788218066096306
2026-02-07 10:01:04,155 | INFO | PPO Delta too small (-0.0005)(< 0.0006760589306131271)
2026-02-07 10:01:04,155 | INFO | PPO Delta too small (-0.0005)(< 0.0006760589306131271)
2026-02-07 10:02:04,982 | INFO | PPO Target: 1.00 (1.0% Vốn)
2026-02-07 10:02:04,982 | INFO | PPO Target: 1.00 (1.0% Vốn)
2026-02-07 10:02:05,423 | INFO |  Maxpossibleqty: 1.3516180685869776,  Current position: 0.014, target position: 0.013516180217266083, delta: -0.00048382021486759186
2026-02-07 10:02:05,423 | INFO |  Maxpossibleqty: 1.3516180685869776,  Current position: 0.014, target position: 0.013516180217266083, delta: -0.00048382021486759186
2026-02-07 10:02:05,424 | INFO | PPO Delta too small (-0.0005)(< 0.0006758090342934889)
2026-02-07 10:02:05,424 | INFO | PPO Delta too small (-0.0005)(< 0.0006758090342934889)
2026-02-07 10:03:23,679 | INFO | PPO Target: 1.00 (1.0% Vốn)
2026-02-07 10:03:23,679 | INFO | PPO Target: 1.00 (1.0% Vốn)
2026-02-07 10:03:24,207 | INFO |  Maxpossibleqty: 1.350974649463429,  Current position: 0.014, target position: 0.013509746640920639, delta: -0.0004902537912130356
2026-02-07 10:03:24,207 | INFO |  Maxpossibleqty: 1.350974649463429,  Current position: 0.014, target position: 0.013509746640920639, delta: -0.0004902537912130356
2026-02-07 10:03:24,209 | INFO | PPO Delta too small (-0.0005)(< 0.001350974649463429)
2026-02-07 10:03:24,209 | INFO | PPO Delta too small (-0.0005)(< 0.001350974649463429)
2026-02-07 10:04:25,049 | INFO | PPO Target: 1.00 (1.0% Vốn)
2026-02-07 10:04:25,049 | INFO | PPO Target: 1.00 (1.0% Vốn)
2026-02-07 10:04:25,508 | INFO |  Maxpossibleqty: 1.3509055423659069,  Current position: 0.014, target position: 0.0135090546682477, delta: -0.0004909457638859749
2026-02-07 10:04:25,508 | INFO |  Maxpossibleqty: 1.3509055423659069,  Current position: 0.014, target position: 0.0135090546682477, delta: -0.0004909457638859749
2026-02-07 10:04:25,508 | INFO | PPO Delta too small (-0.0005)(< 0.0013509055423659069)
2026-02-07 10:04:25,508 | INFO | PPO Delta too small (-0.0005)(< 0.0013509055423659069)
2026-02-07 10:05:26,058 | INFO | PPO Target: 1.00 (1.0% Vốn)
2026-02-07 10:05:26,058 | INFO | PPO Target: 1.00 (1.0% Vốn)
2026-02-07 10:05:26,502 | INFO |  Maxpossibleqty: 1.351704544716982,  Current position: 0.014, target position: 0.0135170454159379, delta: -0.0004829550161957741
2026-02-07 10:05:26,502 | INFO |  Maxpossibleqty: 1.351704544716982,  Current position: 0.014, target position: 0.0135170454159379, delta: -0.0004829550161957741
2026-02-07 10:05:26,503 | INFO | PPO Delta too small (-0.0005)(< 0.001351704544716982)
2026-02-07 10:05:26,503 | INFO | PPO Delta too small (-0.0005)(< 0.001351704544716982)
2026-02-07 10:06:27,352 | INFO | PPO Target: 1.00 (1.0% Vốn)
2026-02-07 10:06:27,352 | INFO | PPO Target: 1.00 (1.0% Vốn)
2026-02-07 10:06:27,990 | INFO |  Maxpossibleqty: 1.3517583576716146,  Current position: 0.014, target position: 0.013517583720386028, delta: -0.00048241671174764633
2026-02-07 10:06:27,990 | INFO |  Maxpossibleqty: 1.3517583576716146,  Current position: 0.014, target position: 0.013517583720386028, delta: -0.00048241671174764633
2026-02-07 10:06:27,991 | INFO | PPO Delta too small (-0.0005)(< 0.0013517583576716148)
2026-02-07 10:06:27,991 | INFO | PPO Delta too small (-0.0005)(< 0.0013517583576716148)
2026-02-07 10:07:28,973 | INFO | PPO Target: 1.00 (1.0% Vốn)
2026-02-07 10:07:28,973 | INFO | PPO Target: 1.00 (1.0% Vốn)
2026-02-07 10:07:29,622 | INFO |  Maxpossibleqty: 1.3519025206259554,  Current position: 0.014, target position: 0.013519024476408958, delta: -0.0004809759557247162
2026-02-07 10:07:29,622 | INFO |  Maxpossibleqty: 1.3519025206259554,  Current position: 0.014, target position: 0.013519024476408958, delta: -0.0004809759557247162
2026-02-07 10:07:29,623 | INFO | PPO Delta too small (-0.0005)(< 0.0013519025206259556)
2026-02-07 10:07:29,623 | INFO | PPO Delta too small (-0.0005)(< 0.0013519025206259556)
2026-02-07 10:08:30,303 | INFO | PPO Target: 1.00 (1.0% Vốn)
2026-02-07 10:08:30,303 | INFO | PPO Target: 1.00 (1.0% Vốn)
2026-02-07 10:08:31,060 | INFO |  Maxpossibleqty: 1.3530107178737074,  Current position: 0.014, target position: 0.013530107215046883, delta: -0.000469893217086792
2026-02-07 10:08:31,060 | INFO |  Maxpossibleqty: 1.3530107178737074,  Current position: 0.014, target position: 0.013530107215046883, delta: -0.000469893217086792
2026-02-07 10:08:31,061 | INFO | PPO Delta too small (-0.0005)(< 0.0013530107178737075)
2026-02-07 10:08:31,061 | INFO | PPO Delta too small (-0.0005)(< 0.0013530107178737075)
2026-02-07 10:09:31,628 | INFO | PPO Target: 1.00 (1.0% Vốn)
2026-02-07 10:09:31,628 | INFO | PPO Target: 1.00 (1.0% Vốn)
2026-02-07 10:09:32,077 | INFO |  Maxpossibleqty: 1.3512069779260296,  Current position: 0.014, target position: 0.013512070290744305, delta: -0.00048793014138936996
2026-02-07 10:09:32,077 | INFO |  Maxpossibleqty: 1.3512069779260296,  Current position: 0.014, target position: 0.013512070290744305, delta: -0.00048793014138936996
2026-02-07 10:09:32,078 | INFO | PPO Delta too small (-0.0005)(< 0.0013512069779260298)
2026-02-07 10:09:32,078 | INFO | PPO Delta too small (-0.0005)(< 0.0013512069779260298)
2026-02-07 10:10:33,201 | INFO | PPO Target: 1.00 (1.0% Vốn)
2026-02-07 10:10:33,201 | INFO | PPO Target: 1.00 (1.0% Vốn)
2026-02-07 10:10:33,724 | INFO |  Maxpossibleqty: 1.3488183892493895,  Current position: 0.014, target position: 0.013488183729350567, delta: -0.0005118167027831078
2026-02-07 10:10:33,724 | INFO |  Maxpossibleqty: 1.3488183892493895,  Current position: 0.014, target position: 0.013488183729350567, delta: -0.0005118167027831078
2026-02-07 10:10:33,725 | INFO | PPO Delta too small (-0.0005)(< 0.0013488183892493896)
2026-02-07 10:10:33,725 | INFO | PPO Delta too small (-0.0005)(< 0.0013488183892493896)
2026-02-07 10:11:34,515 | INFO | PPO Target: 1.00 (1.0% Vốn)
2026-02-07 10:11:34,515 | INFO | PPO Target: 1.00 (1.0% Vốn)
2026-02-07 10:11:35,154 | INFO |  Maxpossibleqty: 1.3482923499245525,  Current position: 0.014, target position: 0.013482923619449139, delta: -0.000517076812684536
2026-02-07 10:11:35,154 | INFO |  Maxpossibleqty: 1.3482923499245525,  Current position: 0.014, target position: 0.013482923619449139, delta: -0.000517076812684536
2026-02-07 10:11:35,154 | INFO | PPO Delta too small (-0.0005)(< 0.0013482923499245527)
2026-02-07 10:11:35,154 | INFO | PPO Delta too small (-0.0005)(< 0.0013482923499245527)
2026-02-07 10:12:35,908 | INFO | PPO Target: 1.00 (1.0% Vốn)
2026-02-07 10:12:35,908 | INFO | PPO Target: 1.00 (1.0% Vốn)
2026-02-07 10:12:36,510 | INFO |  Maxpossibleqty: 1.343794789618481,  Current position: 0.014, target position: 0.013437948189675808, delta: -0.0005620522424578667
2026-02-07 10:12:36,510 | INFO |  Maxpossibleqty: 1.343794789618481,  Current position: 0.014, target position: 0.013437948189675808, delta: -0.0005620522424578667
2026-02-07 10:12:36,511 | INFO | PPO Delta too small (-0.0006)(< 0.0013437947896184812)
2026-02-07 10:12:36,511 | INFO | PPO Delta too small (-0.0006)(< 0.0013437947896184812)
2026-02-07 10:13:37,490 | INFO | PPO Target: 1.00 (1.0% Vốn)
2026-02-07 10:13:37,490 | INFO | PPO Target: 1.00 (1.0% Vốn)
2026-02-07 10:13:38,261 | INFO |  Maxpossibleqty: 1.3439790555966924,  Current position: 0.014, target position: 0.013439789414405823, delta: -0.0005602110177278519
2026-02-07 10:13:38,261 | INFO |  Maxpossibleqty: 1.3439790555966924,  Current position: 0.014, target position: 0.013439789414405823, delta: -0.0005602110177278519
2026-02-07 10:13:38,261 | INFO | PPO Delta too small (-0.0006)(< 0.0013439790555966925)
2026-02-07 10:13:38,261 | INFO | PPO Delta too small (-0.0006)(< 0.0013439790555966925)
2026-02-07 10:14:39,127 | INFO | PPO Target: 1.00 (1.0% Vốn)
2026-02-07 10:14:39,127 | INFO | PPO Target: 1.00 (1.0% Vốn)
2026-02-07 10:14:39,581 | INFO |  Maxpossibleqty: 1.3446177286315775,  Current position: 0.014, target position: 0.01344617735594511, delta: -0.0005538230761885643
2026-02-07 10:14:39,581 | INFO |  Maxpossibleqty: 1.3446177286315775,  Current position: 0.014, target position: 0.01344617735594511, delta: -0.0005538230761885643
2026-02-07 10:14:39,582 | INFO | PPO Delta too small (-0.0006)(< 0.0013446177286315776)
2026-02-07 10:14:39,582 | INFO | PPO Delta too small (-0.0006)(< 0.0013446177286315776)
2026-02-08 20:13:47,466 | INFO | PPO Target: 1.00 (1.0% Vốn)
2026-02-08 20:13:47,466 | INFO | PPO Target: 1.00 (1.0% Vốn)
2026-02-08 20:13:47,762 | INFO |  Maxpossibleqty: 1.3389911258047267,  Current position: 0.0, target position: 0.013389911502599716, delta: 0.013389911502599716
2026-02-08 20:13:47,762 | INFO |  Maxpossibleqty: 1.3389911258047267,  Current position: 0.0, target position: 0.013389911502599716, delta: 0.013389911502599716
2026-02-08 20:13:47,764 | INFO | PPO Rebalance: Current 0.000 -> Target 1.000 | Delta: 0.013
2026-02-08 20:13:47,764 | INFO | PPO Rebalance: Current 0.000 -> Target 1.000 | Delta: 0.013
2026-02-08 20:14:48,526 | INFO | PPO Target: 1.00 (1.0% Vốn)
2026-02-08 20:14:48,526 | INFO | PPO Target: 1.00 (1.0% Vốn)
2026-02-08 20:14:49,166 | INFO |  Maxpossibleqty: 1.338606023586015,  Current position: 0.013, target position: 0.013386059552431107, delta: 0.0003860592842102051
2026-02-08 20:14:49,166 | INFO |  Maxpossibleqty: 1.338606023586015,  Current position: 0.013, target position: 0.013386059552431107, delta: 0.0003860592842102051
2026-02-08 20:14:49,166 | INFO | PPO Delta too small (0.0004)(< 0.001338606023586015)
2026-02-08 20:14:49,166 | INFO | PPO Delta too small (0.0004)(< 0.001338606023586015)
2026-02-08 20:15:49,834 | INFO | PPO Target: 0.95 (0.9% Vốn)
2026-02-08 20:15:49,834 | INFO | PPO Target: 0.95 (0.9% Vốn)
2026-02-08 20:15:50,150 | INFO |  Maxpossibleqty: 1.338918701905547,  Current position: 0.013, target position: 0.012687955051660538, delta: -0.00031204521656036377
2026-02-08 20:15:50,150 | INFO |  Maxpossibleqty: 1.338918701905547,  Current position: 0.013, target position: 0.012687955051660538, delta: -0.00031204521656036377
2026-02-08 20:15:50,152 | INFO | PPO Delta too small (-0.0003)(< 0.0013389187019055473)
2026-02-08 20:15:50,152 | INFO | PPO Delta too small (-0.0003)(< 0.0013389187019055473)
2026-02-08 20:16:50,802 | INFO | PPO Target: 0.81 (0.8% Vốn)
2026-02-08 20:16:50,802 | INFO | PPO Target: 0.81 (0.8% Vốn)
2026-02-08 20:16:51,117 | INFO |  Maxpossibleqty: 1.3375259593501283,  Current position: 0.013, target position: 0.010768593288958073, delta: -0.002231406979262829
2026-02-08 20:16:51,117 | INFO |  Maxpossibleqty: 1.3375259593501283,  Current position: 0.013, target position: 0.010768593288958073, delta: -0.002231406979262829
2026-02-08 20:16:51,118 | INFO | PPO Rebalance: Current 0.013 -> Target 0.805 | Delta: -0.002
2026-02-08 20:16:51,118 | INFO | PPO Rebalance: Current 0.013 -> Target 0.805 | Delta: -0.002
2026-02-08 20:17:51,904 | INFO | PPO Target: 0.30 (0.3% Vốn)
2026-02-08 20:17:51,904 | INFO | PPO Target: 0.30 (0.3% Vốn)
2026-02-08 20:17:52,218 | INFO |  Maxpossibleqty: 1.3370543857944397,  Current position: 0.011, target position: 0.0040106442756950855, delta: -0.00698935566470027
2026-02-08 20:17:52,218 | INFO |  Maxpossibleqty: 1.3370543857944397,  Current position: 0.011, target position: 0.0040106442756950855, delta: -0.00698935566470027
2026-02-08 20:17:52,219 | INFO | PPO Rebalance: Current 0.011 -> Target 0.300 | Delta: -0.007
2026-02-08 20:17:52,219 | INFO | PPO Rebalance: Current 0.011 -> Target 0.300 | Delta: -0.007
2026-02-08 20:18:53,005 | INFO | PPO Target: 1.00 (1.0% Vốn)
2026-02-08 20:18:53,005 | INFO | PPO Target: 1.00 (1.0% Vốn)
2026-02-08 20:18:53,461 | INFO |  Maxpossibleqty: 1.335787098785952,  Current position: 0.004, target position: 0.013357870280742645, delta: 0.009357869625091553
2026-02-08 20:18:53,461 | INFO |  Maxpossibleqty: 1.335787098785952,  Current position: 0.004, target position: 0.013357870280742645, delta: 0.009357869625091553
2026-02-08 20:18:53,462 | INFO | PPO Rebalance: Current 0.004 -> Target 1.000 | Delta: 0.009
2026-02-08 20:18:53,462 | INFO | PPO Rebalance: Current 0.004 -> Target 1.000 | Delta: 0.009
2026-02-08 20:19:54,061 | INFO | PPO Target: -0.08 (-0.1% Vốn)
2026-02-08 20:19:54,061 | INFO | PPO Target: -0.08 (-0.1% Vốn)
2026-02-08 20:19:54,657 | INFO |  Maxpossibleqty: 1.335390666660258,  Current position: 0.013, target position: -0.0011050448520109057, delta: -0.014105045236647129
2026-02-08 20:19:54,657 | INFO |  Maxpossibleqty: 1.335390666660258,  Current position: 0.013, target position: -0.0011050448520109057, delta: -0.014105045236647129
2026-02-08 20:19:54,657 | INFO | PPO Rebalance: Current 0.013 -> Target -0.083 | Delta: -0.014
2026-02-08 20:19:54,657 | INFO | PPO Rebalance: Current 0.013 -> Target -0.083 | Delta: -0.014
2026-02-08 20:20:55,458 | INFO | PPO Target: 1.00 (1.0% Vốn)
2026-02-08 20:20:55,458 | INFO | PPO Target: 1.00 (1.0% Vốn)
2026-02-08 20:20:55,853 | INFO |  Maxpossibleqty: 1.3347388646825833,  Current position: -0.001, target position: 0.013347388245165348, delta: 0.014347388409078121
2026-02-08 20:20:55,853 | INFO |  Maxpossibleqty: 1.3347388646825833,  Current position: -0.001, target position: 0.013347388245165348, delta: 0.014347388409078121
2026-02-08 20:20:55,854 | INFO | PPO Rebalance: Current -0.001 -> Target 1.000 | Delta: 0.014
2026-02-08 20:20:55,854 | INFO | PPO Rebalance: Current -0.001 -> Target 1.000 | Delta: 0.014
2026-02-08 20:21:56,595 | INFO | PPO Target: 1.00 (1.0% Vốn)
2026-02-08 20:21:56,595 | INFO | PPO Target: 1.00 (1.0% Vốn)
2026-02-08 20:21:56,890 | INFO |  Maxpossibleqty: 1.3346547405226705,  Current position: 0.013, target position: 0.013346546329557896, delta: 0.00034654606133699417
2026-02-08 20:21:56,890 | INFO |  Maxpossibleqty: 1.3346547405226705,  Current position: 0.013, target position: 0.013346546329557896, delta: 0.00034654606133699417
2026-02-08 20:21:56,891 | INFO | PPO Delta too small (0.0003)(< 0.0013346547405226705)
2026-02-08 20:21:56,891 | INFO | PPO Delta too small (0.0003)(< 0.0013346547405226705)
2026-02-08 20:22:57,976 | INFO | PPO Target: 1.00 (1.0% Vốn)
2026-02-08 20:22:57,976 | INFO | PPO Target: 1.00 (1.0% Vốn)
2026-02-08 20:22:58,570 | INFO |  Maxpossibleqty: 1.3348719286494264,  Current position: 0.013, target position: 0.013348718173801899, delta: 0.00034871790558099747
2026-02-08 20:22:58,570 | INFO |  Maxpossibleqty: 1.3348719286494264,  Current position: 0.013, target position: 0.013348718173801899, delta: 0.00034871790558099747
2026-02-08 20:22:58,571 | INFO | PPO Delta too small (0.0003)(< 0.0013348719286494265)
2026-02-08 20:22:58,571 | INFO | PPO Delta too small (0.0003)(< 0.0013348719286494265)
2026-02-08 20:23:59,541 | INFO | PPO Target: 0.52 (0.5% Vốn)
2026-02-08 20:23:59,541 | INFO | PPO Target: 0.52 (0.5% Vốn)
2026-02-08 20:23:59,914 | INFO |  Maxpossibleqty: 1.3342745763929007,  Current position: 0.0, target position: 0.0068899053148925304, delta: 0.0068899053148925304
2026-02-08 20:23:59,914 | INFO |  Maxpossibleqty: 1.3342745763929007,  Current position: 0.0, target position: 0.0068899053148925304, delta: 0.0068899053148925304
2026-02-08 20:23:59,915 | INFO | PPO Rebalance: Current 0.000 -> Target 0.516 | Delta: 0.007
2026-02-08 20:23:59,915 | INFO | PPO Rebalance: Current 0.000 -> Target 0.516 | Delta: 0.007
2026-02-08 20:26:41,677 | INFO | PPO Target: 1.00 (1.0% Vốn)
2026-02-08 20:26:41,677 | INFO | PPO Target: 1.00 (1.0% Vốn)
2026-02-08 20:26:42,417 | INFO |  Maxpossibleqty: 1.333802630545489,  Current position: 0.0, target position: 0.013338025659322739, delta: 0.013338025659322739
2026-02-08 20:26:42,417 | INFO |  Maxpossibleqty: 1.333802630545489,  Current position: 0.0, target position: 0.013338025659322739, delta: 0.013338025659322739
2026-02-08 20:26:42,417 | INFO | PPO Rebalance: Current 0.000 -> Target 1.000 | Delta: 0.013
2026-02-08 20:26:42,417 | INFO | PPO Rebalance: Current 0.000 -> Target 1.000 | Delta: 0.013
2026-02-08 20:27:43,169 | INFO | PPO Target: 1.00 (1.0% Vốn)
2026-02-08 20:27:43,169 | INFO | PPO Target: 1.00 (1.0% Vốn)
2026-02-08 20:27:43,461 | INFO |  Maxpossibleqty: 1.3339207900144,  Current position: 0.013, target position: 0.0133392084389925, delta: 0.0003392081707715988
2026-02-08 20:27:43,461 | INFO |  Maxpossibleqty: 1.3339207900144,  Current position: 0.013, target position: 0.0133392084389925, delta: 0.0003392081707715988
2026-02-08 20:27:43,461 | INFO | PPO Delta too small (0.0003)(< 0.0013339207900144)
2026-02-08 20:27:43,461 | INFO | PPO Delta too small (0.0003)(< 0.0013339207900144)
2026-02-08 20:28:44,247 | INFO | PPO Target: 1.00 (1.0% Vốn)
2026-02-08 20:28:44,247 | INFO | PPO Target: 1.00 (1.0% Vốn)
2026-02-08 20:28:44,639 | INFO |  Maxpossibleqty: 1.3328462259958924,  Current position: 0.013, target position: 0.013328462839126587, delta: 0.0003284625709056854
2026-02-08 20:28:44,639 | INFO |  Maxpossibleqty: 1.3328462259958924,  Current position: 0.013, target position: 0.013328462839126587, delta: 0.0003284625709056854
2026-02-08 20:28:44,640 | INFO | PPO Delta too small (0.0003)(< 0.0013328462259958925)
2026-02-08 20:28:44,640 | INFO | PPO Delta too small (0.0003)(< 0.0013328462259958925)
2026-02-08 20:29:45,489 | INFO | PPO Target: 1.00 (1.0% Vốn)
2026-02-08 20:29:45,489 | INFO | PPO Target: 1.00 (1.0% Vốn)
2026-02-08 20:29:45,971 | INFO |  Maxpossibleqty: 1.3321967217226556,  Current position: 0.013, target position: 0.013321966864168644, delta: 0.00032196659594774246
2026-02-08 20:29:45,971 | INFO |  Maxpossibleqty: 1.3321967217226556,  Current position: 0.013, target position: 0.013321966864168644, delta: 0.00032196659594774246
2026-02-08 20:29:45,972 | INFO | PPO Delta too small (0.0003)(< 0.0013321967217226557)
2026-02-08 20:29:45,972 | INFO | PPO Delta too small (0.0003)(< 0.0013321967217226557)
2026-02-08 20:30:46,404 | INFO | PPO Target: 1.00 (1.0% Vốn)
2026-02-08 20:30:46,404 | INFO | PPO Target: 1.00 (1.0% Vốn)
2026-02-08 20:30:46,717 | INFO |  Maxpossibleqty: 1.3324262155466264,  Current position: 0.013, target position: 0.013324261642992496, delta: 0.000324261374771595
2026-02-08 20:30:46,717 | INFO |  Maxpossibleqty: 1.3324262155466264,  Current position: 0.013, target position: 0.013324261642992496, delta: 0.000324261374771595
2026-02-08 20:30:46,718 | INFO | PPO Delta too small (0.0003)(< 0.0013324262155466266)
2026-02-08 20:30:46,718 | INFO | PPO Delta too small (0.0003)(< 0.0013324262155466266)
2026-02-08 20:31:47,300 | INFO | PPO Target: 1.00 (1.0% Vốn)
2026-02-08 20:31:47,300 | INFO | PPO Target: 1.00 (1.0% Vốn)
2026-02-08 20:31:47,752 | INFO |  Maxpossibleqty: 1.3339694199422025,  Current position: 0.013, target position: 0.01333969458937645, delta: 0.0003396943211555481
2026-02-08 20:31:47,752 | INFO |  Maxpossibleqty: 1.3339694199422025,  Current position: 0.013, target position: 0.01333969458937645, delta: 0.0003396943211555481
2026-02-08 20:31:47,752 | INFO | PPO Delta too small (0.0003)(< 0.0013339694199422025)
2026-02-08 20:31:47,752 | INFO | PPO Delta too small (0.0003)(< 0.0013339694199422025)
2026-02-08 20:32:48,523 | INFO | PPO Target: 1.00 (1.0% Vốn)
2026-02-08 20:32:48,523 | INFO | PPO Target: 1.00 (1.0% Vốn)
2026-02-08 20:32:48,840 | INFO |  Maxpossibleqty: 1.333935752691465,  Current position: 0.013, target position: 0.013339357450604439, delta: 0.0003393571823835373
2026-02-08 20:32:48,840 | INFO |  Maxpossibleqty: 1.333935752691465,  Current position: 0.013, target position: 0.013339357450604439, delta: 0.0003393571823835373
2026-02-08 20:32:48,840 | INFO | PPO Delta too small (0.0003)(< 0.0013339357526914652)
2026-02-08 20:32:48,840 | INFO | PPO Delta too small (0.0003)(< 0.0013339357526914652)
2026-02-08 20:33:49,450 | INFO | PPO Target: 1.00 (1.0% Vốn)
2026-02-08 20:33:49,450 | INFO | PPO Target: 1.00 (1.0% Vốn)
2026-02-08 20:33:49,845 | INFO |  Maxpossibleqty: 1.3335449628877165,  Current position: 0.013, target position: 0.013335449621081352, delta: 0.00033544935286045074
2026-02-08 20:33:49,845 | INFO |  Maxpossibleqty: 1.3335449628877165,  Current position: 0.013, target position: 0.013335449621081352, delta: 0.00033544935286045074
2026-02-08 20:33:49,846 | INFO | PPO Delta too small (0.0003)(< 0.0013335449628877165)
2026-02-08 20:33:49,846 | INFO | PPO Delta too small (0.0003)(< 0.0013335449628877165)
2026-02-08 20:34:50,273 | INFO | PPO Target: 1.00 (1.0% Vốn)
2026-02-08 20:34:50,273 | INFO | PPO Target: 1.00 (1.0% Vốn)
2026-02-08 20:34:50,731 | INFO |  Maxpossibleqty: 1.3340835271536349,  Current position: 0.013, target position: 0.013340835459530354, delta: 0.00034083519130945206
2026-02-08 20:34:50,731 | INFO |  Maxpossibleqty: 1.3340835271536349,  Current position: 0.013, target position: 0.013340835459530354, delta: 0.00034083519130945206
2026-02-08 20:34:50,731 | INFO | PPO Delta too small (0.0003)(< 0.001334083527153635)
2026-02-08 20:34:50,731 | INFO | PPO Delta too small (0.0003)(< 0.001334083527153635)
2026-02-08 20:35:51,390 | INFO | PPO Target: 1.00 (1.0% Vốn)
2026-02-08 20:35:51,390 | INFO | PPO Target: 1.00 (1.0% Vốn)
2026-02-08 20:35:51,723 | INFO |  Maxpossibleqty: 1.3342257208304118,  Current position: 0.013, target position: 0.013342257589101791, delta: 0.0003422573208808899
2026-02-08 20:35:51,723 | INFO |  Maxpossibleqty: 1.3342257208304118,  Current position: 0.013, target position: 0.013342257589101791, delta: 0.0003422573208808899
2026-02-08 20:35:51,723 | INFO | PPO Delta too small (0.0003)(< 0.001334225720830412)
2026-02-08 20:35:51,723 | INFO | PPO Delta too small (0.0003)(< 0.001334225720830412)
2026-02-08 20:36:52,535 | INFO | PPO Target: 1.00 (1.0% Vốn)
2026-02-08 20:36:52,535 | INFO | PPO Target: 1.00 (1.0% Vốn)
2026-02-08 20:36:52,906 | INFO |  Maxpossibleqty: 1.3351675831759855,  Current position: 0.013, target position: 0.013351675122976303, delta: 0.0003516748547554016
2026-02-08 20:36:52,906 | INFO |  Maxpossibleqty: 1.3351675831759855,  Current position: 0.013, target position: 0.013351675122976303, delta: 0.0003516748547554016
2026-02-08 20:36:52,907 | INFO | PPO Delta too small (0.0004)(< 0.0013351675831759858)
2026-02-08 20:36:52,907 | INFO | PPO Delta too small (0.0004)(< 0.0013351675831759858)
2026-02-08 20:37:53,402 | INFO | PPO Target: 1.00 (1.0% Vốn)
2026-02-08 20:37:53,402 | INFO | PPO Target: 1.00 (1.0% Vốn)
2026-02-08 20:37:53,766 | INFO |  Maxpossibleqty: 1.3344896078201383,  Current position: 0.013, target position: 0.013344895094633102, delta: 0.00034489482641220093
2026-02-08 20:37:53,766 | INFO |  Maxpossibleqty: 1.3344896078201383,  Current position: 0.013, target position: 0.013344895094633102, delta: 0.00034489482641220093
2026-02-08 20:37:53,767 | INFO | PPO Delta too small (0.0003)(< 0.0013344896078201383)
2026-02-08 20:37:53,767 | INFO | PPO Delta too small (0.0003)(< 0.0013344896078201383)
2026-02-08 20:38:54,243 | INFO | PPO Target: 1.00 (1.0% Vốn)
2026-02-08 20:38:54,243 | INFO | PPO Target: 1.00 (1.0% Vốn)
2026-02-08 20:38:54,536 | INFO |  Maxpossibleqty: 1.3355105787873514,  Current position: 0.013, target position: 0.013355106115341187, delta: 0.00035510584712028503
2026-02-08 20:38:54,536 | INFO |  Maxpossibleqty: 1.3355105787873514,  Current position: 0.013, target position: 0.013355106115341187, delta: 0.00035510584712028503
2026-02-08 20:38:54,536 | INFO | PPO Delta too small (0.0004)(< 0.0013355105787873514)
2026-02-08 20:38:54,536 | INFO | PPO Delta too small (0.0004)(< 0.0013355105787873514)
2026-02-08 20:39:55,227 | INFO | PPO Target: 1.00 (1.0% Vốn)
2026-02-08 20:39:55,227 | INFO | PPO Target: 1.00 (1.0% Vốn)
2026-02-08 20:39:55,532 | INFO |  Maxpossibleqty: 1.3367471991443014,  Current position: 0.013, target position: 0.013367471285164356, delta: 0.00036747101694345474
2026-02-08 20:39:55,532 | INFO |  Maxpossibleqty: 1.3367471991443014,  Current position: 0.013, target position: 0.013367471285164356, delta: 0.00036747101694345474
2026-02-08 20:39:55,533 | INFO | PPO Delta too small (0.0004)(< 0.0013367471991443016)
2026-02-08 20:39:55,533 | INFO | PPO Delta too small (0.0004)(< 0.0013367471991443016)
2026-02-08 20:40:55,967 | INFO | PPO Target: 1.00 (1.0% Vốn)
2026-02-08 20:40:55,967 | INFO | PPO Target: 1.00 (1.0% Vốn)
2026-02-08 20:40:56,575 | INFO |  Maxpossibleqty: 1.336837361127575,  Current position: 0.013, target position: 0.013368373736739159, delta: 0.00036837346851825714
2026-02-08 20:40:56,575 | INFO |  Maxpossibleqty: 1.336837361127575,  Current position: 0.013, target position: 0.013368373736739159, delta: 0.00036837346851825714
2026-02-08 20:40:56,576 | INFO | PPO Delta too small (0.0004)(< 0.0013368373611275751)
2026-02-08 20:40:56,576 | INFO | PPO Delta too small (0.0004)(< 0.0013368373611275751)
2026-02-08 20:41:57,231 | INFO | PPO Target: 1.00 (1.0% Vốn)
2026-02-08 20:41:57,231 | INFO | PPO Target: 1.00 (1.0% Vốn)
2026-02-08 20:41:57,729 | INFO |  Maxpossibleqty: 1.3337506131852326,  Current position: 0.013, target position: 0.013337505981326103, delta: 0.0003375057131052017
2026-02-08 20:41:57,729 | INFO |  Maxpossibleqty: 1.3337506131852326,  Current position: 0.013, target position: 0.013337505981326103, delta: 0.0003375057131052017
2026-02-08 20:41:57,729 | INFO | PPO Delta too small (0.0003)(< 0.0013337506131852327)
2026-02-08 20:41:57,729 | INFO | PPO Delta too small (0.0003)(< 0.0013337506131852327)
2026-02-08 20:42:58,375 | INFO | PPO Target: 1.00 (1.0% Vốn)
2026-02-08 20:42:58,375 | INFO | PPO Target: 1.00 (1.0% Vốn)
2026-02-08 20:42:58,731 | INFO |  Maxpossibleqty: 1.334100364296442,  Current position: 0.013, target position: 0.013341003097593784, delta: 0.00034100282937288284
2026-02-08 20:42:58,731 | INFO |  Maxpossibleqty: 1.334100364296442,  Current position: 0.013, target position: 0.013341003097593784, delta: 0.00034100282937288284
2026-02-08 20:42:58,731 | INFO | PPO Delta too small (0.0003)(< 0.0013341003642964421)
2026-02-08 20:42:58,731 | INFO | PPO Delta too small (0.0003)(< 0.0013341003642964421)
2026-02-08 20:43:59,534 | INFO | PPO Target: 1.00 (1.0% Vốn)
2026-02-08 20:43:59,534 | INFO | PPO Target: 1.00 (1.0% Vốn)
2026-02-08 20:43:59,840 | INFO |  Maxpossibleqty: 1.334141523545869,  Current position: 0.013, target position: 0.013341414742171764, delta: 0.0003414144739508629
2026-02-08 20:43:59,840 | INFO |  Maxpossibleqty: 1.334141523545869,  Current position: 0.013, target position: 0.013341414742171764, delta: 0.0003414144739508629
2026-02-08 20:43:59,840 | INFO | PPO Delta too small (0.0003)(< 0.001334141523545869)
2026-02-08 20:43:59,840 | INFO | PPO Delta too small (0.0003)(< 0.001334141523545869)
2026-02-08 20:45:00,505 | INFO | PPO Target: 1.00 (1.0% Vốn)
2026-02-08 20:45:00,505 | INFO | PPO Target: 1.00 (1.0% Vốn)
2026-02-08 20:45:00,958 | INFO |  Maxpossibleqty: 1.3366025896964775,  Current position: 0.013, target position: 0.013366024941205978, delta: 0.0003660246729850769
2026-02-08 20:45:00,958 | INFO |  Maxpossibleqty: 1.3366025896964775,  Current position: 0.013, target position: 0.013366024941205978, delta: 0.0003660246729850769
2026-02-08 20:45:00,958 | INFO | PPO Delta too small (0.0004)(< 0.0013366025896964775)
2026-02-08 20:45:00,958 | INFO | PPO Delta too small (0.0004)(< 0.0013366025896964775)
2026-02-08 20:46:01,669 | INFO | PPO Target: 1.00 (1.0% Vốn)
2026-02-08 20:46:01,669 | INFO | PPO Target: 1.00 (1.0% Vốn)
2026-02-08 20:46:01,996 | INFO |  Maxpossibleqty: 1.335896894039194,  Current position: 0.013, target position: 0.013358968310058117, delta: 0.0003589680418372154
2026-02-08 20:46:01,996 | INFO |  Maxpossibleqty: 1.335896894039194,  Current position: 0.013, target position: 0.013358968310058117, delta: 0.0003589680418372154
2026-02-08 20:46:01,997 | INFO | PPO Delta too small (0.0004)(< 0.001335896894039194)
2026-02-08 20:46:01,997 | INFO | PPO Delta too small (0.0004)(< 0.001335896894039194)
2026-02-08 20:47:02,479 | INFO | PPO Target: 1.00 (1.0% Vốn)
2026-02-08 20:47:02,479 | INFO | PPO Target: 1.00 (1.0% Vốn)
2026-02-08 20:47:02,865 | INFO |  Maxpossibleqty: 1.3337356546612533,  Current position: 0.013, target position: 0.013337356969714165, delta: 0.00033735670149326324
2026-02-08 20:47:02,865 | INFO |  Maxpossibleqty: 1.3337356546612533,  Current position: 0.013, target position: 0.013337356969714165, delta: 0.00033735670149326324
2026-02-08 20:47:02,866 | INFO | PPO Delta too small (0.0003)(< 0.0013337356546612533)
2026-02-08 20:47:02,866 | INFO | PPO Delta too small (0.0003)(< 0.0013337356546612533)
2026-02-08 20:48:03,361 | INFO | PPO Target: 1.00 (1.0% Vốn)
2026-02-08 20:48:03,361 | INFO | PPO Target: 1.00 (1.0% Vốn)
2026-02-08 20:48:03,809 | INFO |  Maxpossibleqty: 1.3356568272081204,  Current position: 0.013, target position: 0.013356568291783333, delta: 0.00035656802356243134
2026-02-08 20:48:03,809 | INFO |  Maxpossibleqty: 1.3356568272081204,  Current position: 0.013, target position: 0.013356568291783333, delta: 0.00035656802356243134
2026-02-08 20:48:03,809 | INFO | PPO Delta too small (0.0004)(< 0.0013356568272081205)
2026-02-08 20:48:03,809 | INFO | PPO Delta too small (0.0004)(< 0.0013356568272081205)
2026-02-08 20:49:04,283 | INFO | PPO Target: 1.00 (1.0% Vốn)
2026-02-08 20:49:04,283 | INFO | PPO Target: 1.00 (1.0% Vốn)
2026-02-08 20:49:04,772 | INFO |  Maxpossibleqty: 1.3346899321598324,  Current position: 0.013, target position: 0.013346899300813675, delta: 0.00034689903259277344
2026-02-08 20:49:04,772 | INFO |  Maxpossibleqty: 1.3346899321598324,  Current position: 0.013, target position: 0.013346899300813675, delta: 0.00034689903259277344
2026-02-08 20:49:04,772 | INFO | PPO Delta too small (0.0003)(< 0.0013346899321598326)
2026-02-08 20:49:04,772 | INFO | PPO Delta too small (0.0003)(< 0.0013346899321598326)
2026-02-08 20:50:05,262 | INFO | PPO Target: 1.00 (1.0% Vốn)
2026-02-08 20:50:05,262 | INFO | PPO Target: 1.00 (1.0% Vốn)
2026-02-08 20:50:05,551 | INFO |  Maxpossibleqty: 1.3345663605070828,  Current position: 0.013, target position: 0.01334566343575716, delta: 0.0003456631675362587
2026-02-08 20:50:05,551 | INFO |  Maxpossibleqty: 1.3345663605070828,  Current position: 0.013, target position: 0.01334566343575716, delta: 0.0003456631675362587
2026-02-08 20:50:05,552 | INFO | PPO Delta too small (0.0003)(< 0.0013345663605070829)
2026-02-08 20:50:05,552 | INFO | PPO Delta too small (0.0003)(< 0.0013345663605070829)
2026-02-08 20:51:06,126 | INFO | PPO Target: 1.00 (1.0% Vốn)
2026-02-08 20:51:06,126 | INFO | PPO Target: 1.00 (1.0% Vốn)
2026-02-08 20:51:06,625 | INFO |  Maxpossibleqty: 1.3338534621213247,  Current position: 0.013, target position: 0.013338534161448479, delta: 0.0003385338932275772
2026-02-08 20:51:06,625 | INFO |  Maxpossibleqty: 1.3338534621213247,  Current position: 0.013, target position: 0.013338534161448479, delta: 0.0003385338932275772
2026-02-08 20:51:06,626 | INFO | PPO Delta too small (0.0003)(< 0.0013338534621213248)
2026-02-08 20:51:06,626 | INFO | PPO Delta too small (0.0003)(< 0.0013338534621213248)
2026-02-08 20:52:07,233 | INFO | PPO Target: 1.00 (1.0% Vốn)
2026-02-08 20:52:07,233 | INFO | PPO Target: 1.00 (1.0% Vốn)
2026-02-08 20:52:07,718 | INFO |  Maxpossibleqty: 1.3336907811024352,  Current position: 0.013, target position: 0.013336907140910625, delta: 0.00033690687268972397
2026-02-08 20:52:07,718 | INFO |  Maxpossibleqty: 1.3336907811024352,  Current position: 0.013, target position: 0.013336907140910625, delta: 0.00033690687268972397
2026-02-08 20:52:07,719 | INFO | PPO Delta too small (0.0003)(< 0.0013336907811024353)
2026-02-08 20:52:07,719 | INFO | PPO Delta too small (0.0003)(< 0.0013336907811024353)
2026-02-08 20:53:08,153 | INFO | PPO Target: 1.00 (1.0% Vốn)
2026-02-08 20:53:08,153 | INFO | PPO Target: 1.00 (1.0% Vốn)
2026-02-08 20:53:08,497 | INFO |  Maxpossibleqty: 1.3333935700253263,  Current position: 0.013, target position: 0.013333935290575027, delta: 0.000333935022354126
2026-02-08 20:53:08,497 | INFO |  Maxpossibleqty: 1.3333935700253263,  Current position: 0.013, target position: 0.013333935290575027, delta: 0.000333935022354126
2026-02-08 20:53:08,497 | INFO | PPO Delta too small (0.0003)(< 0.0013333935700253264)
2026-02-08 20:53:08,497 | INFO | PPO Delta too small (0.0003)(< 0.0013333935700253264)
2026-02-08 20:54:09,168 | INFO | PPO Target: 1.00 (1.0% Vốn)
2026-02-08 20:54:09,168 | INFO | PPO Target: 1.00 (1.0% Vốn)
2026-02-08 20:54:09,609 | INFO |  Maxpossibleqty: 1.3332982662272612,  Current position: 0.013, target position: 0.013332982547581196, delta: 0.00033298227936029434
2026-02-08 20:54:09,609 | INFO |  Maxpossibleqty: 1.3332982662272612,  Current position: 0.013, target position: 0.013332982547581196, delta: 0.00033298227936029434
2026-02-08 20:54:09,610 | INFO | PPO Delta too small (0.0003)(< 0.0013332982662272613)
2026-02-08 20:54:09,610 | INFO | PPO Delta too small (0.0003)(< 0.0013332982662272613)
2026-02-08 20:55:10,169 | INFO | PPO Target: 1.00 (1.0% Vốn)
2026-02-08 20:55:10,169 | INFO | PPO Target: 1.00 (1.0% Vốn)
2026-02-08 20:55:10,462 | INFO |  Maxpossibleqty: 1.3332160542890537,  Current position: 0.013, target position: 0.01333216018974781, delta: 0.0003321599215269089
2026-02-08 20:55:10,462 | INFO |  Maxpossibleqty: 1.3332160542890537,  Current position: 0.013, target position: 0.01333216018974781, delta: 0.0003321599215269089
2026-02-08 20:55:10,463 | INFO | PPO Delta too small (0.0003)(< 0.0013332160542890539)
2026-02-08 20:55:10,463 | INFO | PPO Delta too small (0.0003)(< 0.0013332160542890539)
2026-02-08 20:56:10,892 | INFO | PPO Target: 1.00 (1.0% Vốn)
2026-02-08 20:56:10,892 | INFO | PPO Target: 1.00 (1.0% Vốn)
2026-02-08 20:56:11,185 | INFO |  Maxpossibleqty: 1.333202976051828,  Current position: 0.013, target position: 0.01333202887326479, delta: 0.0003320286050438881
2026-02-08 20:56:11,185 | INFO |  Maxpossibleqty: 1.333202976051828,  Current position: 0.013, target position: 0.01333202887326479, delta: 0.0003320286050438881
2026-02-08 20:56:11,185 | INFO | PPO Delta too small (0.0003)(< 0.0013332029760518282)
2026-02-08 20:56:11,185 | INFO | PPO Delta too small (0.0003)(< 0.0013332029760518282)
2026-02-08 20:57:11,791 | INFO | PPO Target: 1.00 (1.0% Vốn)
2026-02-08 20:57:11,791 | INFO | PPO Target: 1.00 (1.0% Vốn)
2026-02-08 20:57:12,094 | INFO |  Maxpossibleqty: 1.3334608514979964,  Current position: 0.013, target position: 0.0133346077054739, delta: 0.00033460743725299835
2026-02-08 20:57:12,094 | INFO |  Maxpossibleqty: 1.3334608514979964,  Current position: 0.013, target position: 0.0133346077054739, delta: 0.00033460743725299835
2026-02-08 20:57:12,095 | INFO | PPO Delta too small (0.0003)(< 0.0013334608514979965)
2026-02-08 20:57:12,095 | INFO | PPO Delta too small (0.0003)(< 0.0013334608514979965)
2026-02-08 20:58:12,798 | INFO | PPO Target: 1.00 (1.0% Vốn)
2026-02-08 20:58:12,798 | INFO | PPO Target: 1.00 (1.0% Vốn)
2026-02-08 20:58:13,103 | INFO |  Maxpossibleqty: 1.331754749146867,  Current position: 0.013, target position: 0.013317547738552094, delta: 0.000317547470331192
2026-02-08 20:58:13,103 | INFO |  Maxpossibleqty: 1.331754749146867,  Current position: 0.013, target position: 0.013317547738552094, delta: 0.000317547470331192
2026-02-08 20:58:13,103 | INFO | PPO Delta too small (0.0003)(< 0.001331754749146867)
2026-02-08 20:58:13,103 | INFO | PPO Delta too small (0.0003)(< 0.001331754749146867)
2026-02-08 20:59:13,687 | INFO | PPO Target: 1.00 (1.0% Vốn)
2026-02-08 20:59:13,687 | INFO | PPO Target: 1.00 (1.0% Vốn)
2026-02-08 20:59:14,172 | INFO |  Maxpossibleqty: 1.3322993311400064,  Current position: 0.013, target position: 0.01332299318164587, delta: 0.0003229929134249687
2026-02-08 20:59:14,172 | INFO |  Maxpossibleqty: 1.3322993311400064,  Current position: 0.013, target position: 0.01332299318164587, delta: 0.0003229929134249687
2026-02-08 20:59:14,173 | INFO | PPO Delta too small (0.0003)(< 0.0013322993311400064)
2026-02-08 20:59:14,173 | INFO | PPO Delta too small (0.0003)(< 0.0013322993311400064)
2026-02-08 21:00:14,885 | INFO | PPO Target: 1.00 (1.0% Vốn)
2026-02-08 21:00:14,885 | INFO | PPO Target: 1.00 (1.0% Vốn)
2026-02-08 21:00:15,360 | INFO |  Maxpossibleqty: 1.331960106885353,  Current position: 0.0, target position: 0.013319600373506546, delta: 0.013319600373506546
2026-02-08 21:00:15,360 | INFO |  Maxpossibleqty: 1.331960106885353,  Current position: 0.0, target position: 0.013319600373506546, delta: 0.013319600373506546
2026-02-08 21:00:15,361 | INFO | PPO Rebalance: Current 0.000 -> Target 1.000 | Delta: 0.013
2026-02-08 21:00:15,361 | INFO | PPO Rebalance: Current 0.000 -> Target 1.000 | Delta: 0.013
2026-02-08 21:01:16,003 | INFO | PPO Target: 1.00 (1.0% Vốn)
2026-02-08 21:01:16,003 | INFO | PPO Target: 1.00 (1.0% Vốn)
2026-02-08 21:01:16,295 | INFO |  Maxpossibleqty: 1.3329248282602237,  Current position: 0.013, target position: 0.013329247944056988, delta: 0.0003292476758360863
2026-02-08 21:01:16,295 | INFO |  Maxpossibleqty: 1.3329248282602237,  Current position: 0.013, target position: 0.013329247944056988, delta: 0.0003292476758360863
2026-02-08 21:01:16,295 | INFO | PPO Delta too small (0.0003)(< 0.0013329248282602237)
2026-02-08 21:01:16,295 | INFO | PPO Delta too small (0.0003)(< 0.0013329248282602237)
2026-02-08 21:02:16,966 | INFO | PPO Target: 1.00 (1.0% Vốn)
2026-02-08 21:02:16,966 | INFO | PPO Target: 1.00 (1.0% Vốn)
2026-02-08 21:02:17,415 | INFO |  Maxpossibleqty: 1.33194147518685,  Current position: 0.013, target position: 0.013319414108991623, delta: 0.00031941384077072144
2026-02-08 21:02:17,415 | INFO |  Maxpossibleqty: 1.33194147518685,  Current position: 0.013, target position: 0.013319414108991623, delta: 0.00031941384077072144
2026-02-08 21:02:17,415 | INFO | PPO Delta too small (0.0003)(< 0.00133194147518685)
2026-02-08 21:02:17,415 | INFO | PPO Delta too small (0.0003)(< 0.00133194147518685)
2026-02-08 21:03:18,951 | INFO | PPO Target: 1.00 (1.0% Vốn)
2026-02-08 21:03:18,951 | INFO | PPO Target: 1.00 (1.0% Vốn)
2026-02-08 21:03:19,521 | INFO |  Maxpossibleqty: 1.33194147518685,  Current position: 0.013, target position: 0.013319414108991623, delta: 0.00031941384077072144
2026-02-08 21:03:19,521 | INFO |  Maxpossibleqty: 1.33194147518685,  Current position: 0.013, target position: 0.013319414108991623, delta: 0.00031941384077072144
2026-02-08 21:03:19,522 | INFO | PPO Delta too small (0.0003)(< 0.00133194147518685)
2026-02-08 21:03:19,522 | INFO | PPO Delta too small (0.0003)(< 0.00133194147518685)
2026-02-08 21:04:20,175 | INFO | PPO Target: 1.00 (1.0% Vốn)
2026-02-08 21:04:20,175 | INFO | PPO Target: 1.00 (1.0% Vốn)
2026-02-08 21:04:20,500 | INFO |  Maxpossibleqty: 1.331620846601401,  Current position: 0.013, target position: 0.013316207565367222, delta: 0.00031620729714632034
2026-02-08 21:04:20,500 | INFO |  Maxpossibleqty: 1.331620846601401,  Current position: 0.013, target position: 0.013316207565367222, delta: 0.00031620729714632034
2026-02-08 21:04:20,500 | INFO | PPO Delta too small (0.0003)(< 0.0013316208466014011)
2026-02-08 21:04:20,500 | INFO | PPO Delta too small (0.0003)(< 0.0013316208466014011)
2026-02-08 21:05:21,135 | INFO | PPO Target: 1.00 (1.0% Vốn)
2026-02-08 21:05:21,135 | INFO | PPO Target: 1.00 (1.0% Vốn)
2026-02-08 21:05:21,434 | INFO |  Maxpossibleqty: 1.3330480829553766,  Current position: 0.013, target position: 0.013330481015145779, delta: 0.00033048074692487717
2026-02-08 21:05:21,434 | INFO |  Maxpossibleqty: 1.3330480829553766,  Current position: 0.013, target position: 0.013330481015145779, delta: 0.00033048074692487717
2026-02-08 21:05:21,435 | INFO | PPO Delta too small (0.0003)(< 0.0013330480829553768)
2026-02-08 21:05:21,435 | INFO | PPO Delta too small (0.0003)(< 0.0013330480829553768)
2026-02-08 21:06:22,016 | INFO | PPO Target: 1.00 (1.0% Vốn)
2026-02-08 21:06:22,016 | INFO | PPO Target: 1.00 (1.0% Vốn)
2026-02-08 21:06:22,311 | INFO |  Maxpossibleqty: 1.3331508126151927,  Current position: 0.013, target position: 0.01333150826394558, delta: 0.00033150799572467804
2026-02-08 21:06:22,311 | INFO |  Maxpossibleqty: 1.3331508126151927,  Current position: 0.013, target position: 0.01333150826394558, delta: 0.00033150799572467804
2026-02-08 21:06:22,312 | INFO | PPO Delta too small (0.0003)(< 0.001333150812615193)
2026-02-08 21:06:22,312 | INFO | PPO Delta too small (0.0003)(< 0.001333150812615193)
2026-02-08 21:07:22,961 | INFO | PPO Target: 1.00 (1.0% Vốn)
2026-02-08 21:07:22,961 | INFO | PPO Target: 1.00 (1.0% Vốn)
2026-02-08 21:07:23,255 | INFO |  Maxpossibleqty: 1.333384348009866,  Current position: 0.013, target position: 0.013333844020962715, delta: 0.00033384375274181366
2026-02-08 21:07:23,255 | INFO |  Maxpossibleqty: 1.333384348009866,  Current position: 0.013, target position: 0.013333844020962715, delta: 0.00033384375274181366
2026-02-08 21:07:23,255 | INFO | PPO Delta too small (0.0003)(< 0.0013333843480098661)
2026-02-08 21:07:23,255 | INFO | PPO Delta too small (0.0003)(< 0.0013333843480098661)
2026-02-08 21:08:24,190 | INFO | PPO Target: 1.00 (1.0% Vốn)
2026-02-08 21:08:24,190 | INFO | PPO Target: 1.00 (1.0% Vốn)
2026-02-08 21:08:24,562 | INFO |  Maxpossibleqty: 1.3328725452751582,  Current position: 0.013, target position: 0.013328724540770054, delta: 0.0003287242725491524
2026-02-08 21:08:24,562 | INFO |  Maxpossibleqty: 1.3328725452751582,  Current position: 0.013, target position: 0.013328724540770054, delta: 0.0003287242725491524
2026-02-08 21:08:24,563 | INFO | PPO Delta too small (0.0003)(< 0.0013328725452751583)
2026-02-08 21:08:24,563 | INFO | PPO Delta too small (0.0003)(< 0.0013328725452751583)
2026-02-08 21:09:25,162 | INFO | PPO Target: 1.00 (1.0% Vốn)
2026-02-08 21:09:25,162 | INFO | PPO Target: 1.00 (1.0% Vốn)
2026-02-08 21:09:25,447 | INFO |  Maxpossibleqty: 1.333933945919111,  Current position: 0.013, target position: 0.013339338824152946, delta: 0.000339338555932045
2026-02-08 21:09:25,447 | INFO |  Maxpossibleqty: 1.333933945919111,  Current position: 0.013, target position: 0.013339338824152946, delta: 0.000339338555932045
2026-02-08 21:09:25,448 | INFO | PPO Delta too small (0.0003)(< 0.001333933945919111)
2026-02-08 21:09:25,448 | INFO | PPO Delta too small (0.0003)(< 0.001333933945919111)
2026-02-08 21:10:25,956 | INFO | PPO Target: 1.00 (1.0% Vốn)
2026-02-08 21:10:25,956 | INFO | PPO Target: 1.00 (1.0% Vốn)
2026-02-08 21:10:26,412 | INFO |  Maxpossibleqty: 1.3351825043037628,  Current position: 0.013, target position: 0.013351825065910816, delta: 0.0003518247976899147
2026-02-08 21:10:26,412 | INFO |  Maxpossibleqty: 1.3351825043037628,  Current position: 0.013, target position: 0.013351825065910816, delta: 0.0003518247976899147
2026-02-08 21:10:26,413 | INFO | PPO Delta too small (0.0004)(< 0.0013351825043037629)
2026-02-08 21:10:26,413 | INFO | PPO Delta too small (0.0004)(< 0.0013351825043037629)
2026-02-08 21:11:27,006 | INFO | PPO Target: 1.00 (1.0% Vốn)
2026-02-08 21:11:27,006 | INFO | PPO Target: 1.00 (1.0% Vốn)
2026-02-08 21:11:27,298 | INFO |  Maxpossibleqty: 1.334515816638124,  Current position: 0.013, target position: 0.013345157727599144, delta: 0.0003451574593782425
2026-02-08 21:11:27,298 | INFO |  Maxpossibleqty: 1.334515816638124,  Current position: 0.013, target position: 0.013345157727599144, delta: 0.0003451574593782425
2026-02-08 21:11:27,298 | INFO | PPO Delta too small (0.0003)(< 0.001334515816638124)
2026-02-08 21:11:27,298 | INFO | PPO Delta too small (0.0003)(< 0.001334515816638124)
2026-02-08 21:12:27,955 | INFO | PPO Target: 1.00 (1.0% Vốn)
2026-02-08 21:12:27,955 | INFO | PPO Target: 1.00 (1.0% Vốn)
2026-02-08 21:12:28,244 | INFO |  Maxpossibleqty: 1.3335263775300144,  Current position: 0.013, target position: 0.01333526335656643, delta: 0.00033526308834552765
2026-02-08 21:12:28,244 | INFO |  Maxpossibleqty: 1.3335263775300144,  Current position: 0.013, target position: 0.01333526335656643, delta: 0.00033526308834552765
2026-02-08 21:12:28,245 | INFO | PPO Delta too small (0.0003)(< 0.0013335263775300144)
2026-02-08 21:12:28,245 | INFO | PPO Delta too small (0.0003)(< 0.0013335263775300144)
2026-02-08 21:13:28,829 | INFO | PPO Target: 1.00 (1.0% Vốn)
2026-02-08 21:13:28,829 | INFO | PPO Target: 1.00 (1.0% Vốn)
2026-02-08 21:13:29,128 | INFO |  Maxpossibleqty: 1.3337002179831539,  Current position: 0.013, target position: 0.013337001204490662, delta: 0.00033700093626976013
2026-02-08 21:13:29,128 | INFO |  Maxpossibleqty: 1.3337002179831539,  Current position: 0.013, target position: 0.013337001204490662, delta: 0.00033700093626976013
2026-02-08 21:13:29,129 | INFO | PPO Delta too small (0.0003)(< 0.001333700217983154)
2026-02-08 21:13:29,129 | INFO | PPO Delta too small (0.0003)(< 0.001333700217983154)
2026-02-08 21:14:30,245 | INFO | PPO Target: 1.00 (1.0% Vốn)
2026-02-08 21:14:30,245 | INFO | PPO Target: 1.00 (1.0% Vốn)
2026-02-08 21:14:30,534 | INFO |  Maxpossibleqty: 1.3337544355671376,  Current position: 0.013, target position: 0.013337544165551662, delta: 0.00033754389733076096
2026-02-08 21:14:30,534 | INFO |  Maxpossibleqty: 1.3337544355671376,  Current position: 0.013, target position: 0.013337544165551662, delta: 0.00033754389733076096
2026-02-08 21:14:30,535 | INFO | PPO Delta too small (0.0003)(< 0.0013337544355671376)
2026-02-08 21:14:30,535 | INFO | PPO Delta too small (0.0003)(< 0.0013337544355671376)
2026-02-08 21:15:31,189 | INFO | PPO Target: 1.00 (1.0% Vốn)
2026-02-08 21:15:31,189 | INFO | PPO Target: 1.00 (1.0% Vốn)
2026-02-08 21:15:31,480 | INFO |  Maxpossibleqty: 1.3330256713153685,  Current position: 0.013, target position: 0.013330256566405296, delta: 0.00033025629818439484
2026-02-08 21:15:31,480 | INFO |  Maxpossibleqty: 1.3330256713153685,  Current position: 0.013, target position: 0.013330256566405296, delta: 0.00033025629818439484
2026-02-08 21:15:31,481 | INFO | PPO Delta too small (0.0003)(< 0.0013330256713153686)
2026-02-08 21:15:31,481 | INFO | PPO Delta too small (0.0003)(< 0.0013330256713153686)
2026-02-08 21:16:33,162 | INFO | PPO Target: 1.00 (1.0% Vốn)
2026-02-08 21:16:33,162 | INFO | PPO Target: 1.00 (1.0% Vốn)
2026-02-08 21:16:33,448 | INFO |  Maxpossibleqty: 1.3329080225677161,  Current position: 0.013, target position: 0.013329080305993557, delta: 0.0003290800377726555
2026-02-08 21:16:33,448 | INFO |  Maxpossibleqty: 1.3329080225677161,  Current position: 0.013, target position: 0.013329080305993557, delta: 0.0003290800377726555
2026-02-08 21:16:33,449 | INFO | PPO Delta too small (0.0003)(< 0.0013329080225677162)
2026-02-08 21:16:33,449 | INFO | PPO Delta too small (0.0003)(< 0.0013329080225677162)
2026-02-08 21:17:34,230 | INFO | PPO Target: 1.00 (1.0% Vốn)
2026-02-08 21:17:34,230 | INFO | PPO Target: 1.00 (1.0% Vốn)
2026-02-08 21:17:34,528 | INFO |  Maxpossibleqty: 1.3329397670093357,  Current position: 0.013, target position: 0.013329396955668926, delta: 0.00032939668744802475
2026-02-08 21:17:34,528 | INFO |  Maxpossibleqty: 1.3329397670093357,  Current position: 0.013, target position: 0.013329396955668926, delta: 0.00032939668744802475
2026-02-08 21:17:34,528 | INFO | PPO Delta too small (0.0003)(< 0.0013329397670093358)
2026-02-08 21:17:34,528 | INFO | PPO Delta too small (0.0003)(< 0.0013329397670093358)
2026-02-08 21:18:35,487 | INFO | PPO Target: 1.00 (1.0% Vốn)
2026-02-08 21:18:35,487 | INFO | PPO Target: 1.00 (1.0% Vốn)
2026-02-08 21:18:35,940 | INFO |  Maxpossibleqty: 1.3341958184825895,  Current position: 0.013, target position: 0.01334195863455534, delta: 0.0003419583663344383
2026-02-08 21:18:35,940 | INFO |  Maxpossibleqty: 1.3341958184825895,  Current position: 0.013, target position: 0.01334195863455534, delta: 0.0003419583663344383
2026-02-08 21:18:35,941 | INFO | PPO Delta too small (0.0003)(< 0.0013341958184825897)
2026-02-08 21:18:35,941 | INFO | PPO Delta too small (0.0003)(< 0.0013341958184825897)
2026-02-08 21:19:36,848 | INFO | PPO Target: 1.00 (1.0% Vốn)
2026-02-08 21:19:36,848 | INFO | PPO Target: 1.00 (1.0% Vốn)
2026-02-08 21:19:37,351 | INFO |  Maxpossibleqty: 1.3344166195094653,  Current position: 0.013, target position: 0.013344165869057178, delta: 0.000344165600836277
2026-02-08 21:19:37,351 | INFO |  Maxpossibleqty: 1.3344166195094653,  Current position: 0.013, target position: 0.013344165869057178, delta: 0.000344165600836277
2026-02-08 21:19:37,351 | INFO | PPO Delta too small (0.0003)(< 0.0013344166195094654)
2026-02-08 21:19:37,351 | INFO | PPO Delta too small (0.0003)(< 0.0013344166195094654)
2026-02-08 21:20:37,860 | INFO | PPO Target: 1.00 (1.0% Vốn)
2026-02-08 21:20:37,860 | INFO | PPO Target: 1.00 (1.0% Vốn)
2026-02-08 21:20:38,154 | INFO |  Maxpossibleqty: 1.3372786611928174,  Current position: 0.013, target position: 0.013372785411775112, delta: 0.00037278514355421066
2026-02-08 21:20:38,154 | INFO |  Maxpossibleqty: 1.3372786611928174,  Current position: 0.013, target position: 0.013372785411775112, delta: 0.00037278514355421066
2026-02-08 21:20:38,155 | INFO | PPO Delta too small (0.0004)(< 0.0013372786611928174)
2026-02-08 21:20:38,155 | INFO | PPO Delta too small (0.0004)(< 0.0013372786611928174)
2026-02-08 21:21:38,867 | INFO | PPO Target: 1.00 (1.0% Vốn)
2026-02-08 21:21:38,867 | INFO | PPO Target: 1.00 (1.0% Vốn)
2026-02-08 21:21:39,177 | INFO |  Maxpossibleqty: 1.3356398324024903,  Current position: 0.013, target position: 0.013356397859752178, delta: 0.0003563975915312767
2026-02-08 21:21:39,177 | INFO |  Maxpossibleqty: 1.3356398324024903,  Current position: 0.013, target position: 0.013356397859752178, delta: 0.0003563975915312767
2026-02-08 21:21:39,178 | INFO | PPO Delta too small (0.0004)(< 0.0013356398324024903)
2026-02-08 21:21:39,178 | INFO | PPO Delta too small (0.0004)(< 0.0013356398324024903)
2026-02-08 21:22:39,904 | INFO | PPO Target: 1.00 (1.0% Vốn)
2026-02-08 21:22:39,904 | INFO | PPO Target: 1.00 (1.0% Vốn)
2026-02-08 21:22:40,231 | INFO |  Maxpossibleqty: 1.336854019723261,  Current position: 0.013, target position: 0.01336853951215744, delta: 0.0003685392439365387
2026-02-08 21:22:40,231 | INFO |  Maxpossibleqty: 1.336854019723261,  Current position: 0.013, target position: 0.01336853951215744, delta: 0.0003685392439365387
2026-02-08 21:22:40,231 | INFO | PPO Delta too small (0.0004)(< 0.0013368540197232612)
2026-02-08 21:22:40,231 | INFO | PPO Delta too small (0.0004)(< 0.0013368540197232612)
2026-02-08 21:23:40,967 | INFO | PPO Target: 1.00 (1.0% Vốn)
2026-02-08 21:23:40,967 | INFO | PPO Target: 1.00 (1.0% Vốn)
2026-02-08 21:23:41,316 | INFO |  Maxpossibleqty: 1.337214759839275,  Current position: 0.013, target position: 0.013372146524488926, delta: 0.00037214625626802444
2026-02-08 21:23:41,316 | INFO |  Maxpossibleqty: 1.337214759839275,  Current position: 0.013, target position: 0.013372146524488926, delta: 0.00037214625626802444
2026-02-08 21:23:41,316 | INFO | PPO Delta too small (0.0004)(< 0.001337214759839275)
2026-02-08 21:23:41,316 | INFO | PPO Delta too small (0.0004)(< 0.001337214759839275)
